Determining if the function strerror_s exists failed with the following output:
Change Dir: /Users/janmachacek/Talks/springone2gx2013/native/rabbitmq-cpp/CMakeFiles/CMakeTmp

Run Build Command:/usr/bin/make "cmTryCompileExec3431773992/fast"
/Applications/Xcode5-DP5.app/Contents/Developer/usr/bin/make -f CMakeFiles/cmTryCompileExec3431773992.dir/build.make CMakeFiles/cmTryCompileExec3431773992.dir/build
/usr/local/Cellar/cmake/2.8.11.2/bin/cmake -E cmake_progress_report /Users/janmachacek/Talks/springone2gx2013/native/rabbitmq-cpp/CMakeFiles/CMakeTmp/CMakeFiles 1
Building C object CMakeFiles/cmTryCompileExec3431773992.dir/CheckFunctionExists.c.o
/usr/bin/cc   -DCHECK_FUNCTION_EXISTS=strerror_s   -o CMakeFiles/cmTryCompileExec3431773992.dir/CheckFunctionExists.c.o   -c /usr/local/Cellar/cmake/2.8.11.2/share/cmake/Modules/CheckFunctionExists.c
Linking C executable cmTryCompileExec3431773992
/usr/local/Cellar/cmake/2.8.11.2/bin/cmake -E cmake_link_script CMakeFiles/cmTryCompileExec3431773992.dir/link.txt --verbose=1
/usr/bin/cc     -DCHECK_FUNCTION_EXISTS=strerror_s -Wl,-search_paths_first -Wl,-headerpad_max_install_names   CMakeFiles/cmTryCompileExec3431773992.dir/CheckFunctionExists.c.o  -o cmTryCompileExec3431773992  
Undefined symbols for architecture x86_64:
  "_strerror_s", referenced from:
      _main in CheckFunctionExists.c.o
ld: symbol(s) not found for architecture x86_64
clang: error: linker command failed with exit code 1 (use -v to see invocation)
make[1]: *** [cmTryCompileExec3431773992] Error 1
make: *** [cmTryCompileExec3431773992/fast] Error 2


