Determining if the function htonll exists failed with the following output:
Change Dir: /Users/janmachacek/Talks/springone2gx2013/native/rabbitmq-c/CMakeFiles/CMakeTmp

Run Build Command:/usr/bin/make "cmTryCompileExec2318034491/fast"
/Applications/Xcode5-DP5.app/Contents/Developer/usr/bin/make -f CMakeFiles/cmTryCompileExec2318034491.dir/build.make CMakeFiles/cmTryCompileExec2318034491.dir/build
/usr/local/Cellar/cmake/2.8.11.2/bin/cmake -E cmake_progress_report /Users/janmachacek/Talks/springone2gx2013/native/rabbitmq-c/CMakeFiles/CMakeTmp/CMakeFiles 1
Building C object CMakeFiles/cmTryCompileExec2318034491.dir/CheckFunctionExists.c.o
/usr/bin/cc   -DCHECK_FUNCTION_EXISTS=htonll   -o CMakeFiles/cmTryCompileExec2318034491.dir/CheckFunctionExists.c.o   -c /usr/local/Cellar/cmake/2.8.11.2/share/cmake/Modules/CheckFunctionExists.c
Linking C executable cmTryCompileExec2318034491
/usr/local/Cellar/cmake/2.8.11.2/bin/cmake -E cmake_link_script CMakeFiles/cmTryCompileExec2318034491.dir/link.txt --verbose=1
/usr/bin/cc     -DCHECK_FUNCTION_EXISTS=htonll -Wl,-search_paths_first -Wl,-headerpad_max_install_names   CMakeFiles/cmTryCompileExec2318034491.dir/CheckFunctionExists.c.o  -o cmTryCompileExec2318034491  
Undefined symbols for architecture x86_64:
  "_htonll", referenced from:
      _main in CheckFunctionExists.c.o
ld: symbol(s) not found for architecture x86_64
clang: error: linker command failed with exit code 1 (use -v to see invocation)
make[1]: *** [cmTryCompileExec2318034491] Error 1
make: *** [cmTryCompileExec2318034491/fast] Error 2


Determining if the function clock_gettime exists in the rt failed with the following output:
Change Dir: /Users/janmachacek/Talks/springone2gx2013/native/rabbitmq-c/CMakeFiles/CMakeTmp

Run Build Command:/usr/bin/make "cmTryCompileExec2171548561/fast"
/Applications/Xcode5-DP5.app/Contents/Developer/usr/bin/make -f CMakeFiles/cmTryCompileExec2171548561.dir/build.make CMakeFiles/cmTryCompileExec2171548561.dir/build
/usr/local/Cellar/cmake/2.8.11.2/bin/cmake -E cmake_progress_report /Users/janmachacek/Talks/springone2gx2013/native/rabbitmq-c/CMakeFiles/CMakeTmp/CMakeFiles 1
Building C object CMakeFiles/cmTryCompileExec2171548561.dir/CheckFunctionExists.c.o
/usr/bin/cc   -DCHECK_FUNCTION_EXISTS=clock_gettime   -o CMakeFiles/cmTryCompileExec2171548561.dir/CheckFunctionExists.c.o   -c /usr/local/Cellar/cmake/2.8.11.2/share/cmake/Modules/CheckFunctionExists.c
Linking C executable cmTryCompileExec2171548561
/usr/local/Cellar/cmake/2.8.11.2/bin/cmake -E cmake_link_script CMakeFiles/cmTryCompileExec2171548561.dir/link.txt --verbose=1
/usr/bin/cc     -DCHECK_FUNCTION_EXISTS=clock_gettime -Wl,-search_paths_first -Wl,-headerpad_max_install_names   CMakeFiles/cmTryCompileExec2171548561.dir/CheckFunctionExists.c.o  -o cmTryCompileExec2171548561  -L/Users/janmachacek/Talks/springone2gx2013/native/rabbitmq-c/CMakeFiles/CMakeTmp/time.h  -lrt 
ld: warning: directory not found for option '-L/Users/janmachacek/Talks/springone2gx2013/native/rabbitmq-c/CMakeFiles/CMakeTmp/time.h'
ld: library not found for -lrt
clang: error: linker command failed with exit code 1 (use -v to see invocation)
make[1]: *** [cmTryCompileExec2171548561] Error 1
make: *** [cmTryCompileExec2171548561/fast] Error 2


